g:\ham radio\ominasdr\hardware\mscc-mkii-windows\servers\sdrcore-trans\mfc\vc142.pdb
g:\ham radio\ominasdr\hardware\mscc-mkii-windows\servers\sdrcore-trans\mfc\wsfirgen.obj
g:\ham radio\ominasdr\hardware\mscc-mkii-windows\servers\sdrcore-trans\mfc\alc.obj
g:\ham radio\ominasdr\hardware\mscc-mkii-windows\servers\sdrcore-trans\mfc\udp_thread.obj
g:\ham radio\ominasdr\hardware\mscc-mkii-windows\servers\sdrcore-trans\mfc\power.obj
g:\ham radio\ominasdr\hardware\mscc-mkii-windows\servers\sdrcore-trans\mfc\sdrcoretx.obj
g:\ham radio\ominasdr\hardware\mscc-mkii-windows\servers\sdrcore-trans\mfc\print-utils.obj
g:\ham radio\ominasdr\hardware\mscc-mkii-windows\servers\sdrcore-trans\mfc\overdriven.obj
g:\ham radio\ominasdr\hardware\mscc-mkii-windows\servers\sdrcore-trans\mfc\main.obj
g:\ham radio\ominasdr\hardware\mscc-mkii-windows\servers\sdrcore-trans\mfc\iq.obj
g:\ham radio\ominasdr\hardware\mscc-mkii-windows\servers\sdrcore-trans\mfc\input-devices.obj
g:\ham radio\ominasdr\hardware\mscc-mkii-windows\servers\sdrcore-trans\mfc\flusher.obj
g:\ham radio\ominasdr\hardware\mscc-mkii-windows\servers\sdrcore-trans\mfc\filter.obj
g:\ham radio\ominasdr\hardware\mscc-mkii-windows\servers\sdrcore-trans\mfc\dsputils.obj
g:\ham radio\ominasdr\hardware\mscc-mkii-windows\servers\sdrcore-trans\mfc\driver.obj
g:\ham radio\ominasdr\hardware\mscc-mkii-windows\servers\sdrcore-trans\mfc\amplifier.obj
g:\ham radio\ominasdr\hardware\mscc-mkii-windows\release\mscc-trans.exe
g:\ham radio\ominasdr\hardware\mscc-mkii-windows\servers\sdrcore-trans\mfc\mscc-trans.ipdb
g:\ham radio\ominasdr\hardware\mscc-mkii-windows\servers\sdrcore-trans\mfc\mscc-trans.iobj
g:\ham radio\ominasdr\hardware\mscc-mkii-windows\release\mscc-trans.pdb
g:\ham radio\ominasdr\hardware\mscc-mkii-windows\servers\sdrcore-trans\mfc\sdrcore-trans.tlog\cl.command.1.tlog
g:\ham radio\ominasdr\hardware\mscc-mkii-windows\servers\sdrcore-trans\mfc\sdrcore-trans.tlog\cl.read.1.tlog
g:\ham radio\ominasdr\hardware\mscc-mkii-windows\servers\sdrcore-trans\mfc\sdrcore-trans.tlog\cl.write.1.tlog
g:\ham radio\ominasdr\hardware\mscc-mkii-windows\servers\sdrcore-trans\mfc\sdrcore-trans.tlog\link.command.1.tlog
g:\ham radio\ominasdr\hardware\mscc-mkii-windows\servers\sdrcore-trans\mfc\sdrcore-trans.tlog\link.read.1.tlog
g:\ham radio\ominasdr\hardware\mscc-mkii-windows\servers\sdrcore-trans\mfc\sdrcore-trans.tlog\link.write.1.tlog
