g:\ham radio\ominasdr\hardware\mscc-geminus-windows\servers\ms-sdr-mkii\release\vc142.pdb
g:\ham radio\ominasdr\hardware\mscc-geminus-windows\servers\ms-sdr-mkii\release\user_controls.obj
g:\ham radio\ominasdr\hardware\mscc-geminus-windows\servers\ms-sdr-mkii\release\usbcmd.obj
g:\ham radio\ominasdr\hardware\mscc-geminus-windows\servers\ms-sdr-mkii\release\proficio-temperature.obj
g:\ham radio\ominasdr\hardware\mscc-geminus-windows\servers\ms-sdr-mkii\release\power_calibration.obj
g:\ham radio\ominasdr\hardware\mscc-geminus-windows\servers\ms-sdr-mkii\release\message_queue.obj
g:\ham radio\ominasdr\hardware\mscc-geminus-windows\servers\ms-sdr-mkii\release\main.obj
g:\ham radio\ominasdr\hardware\mscc-geminus-windows\servers\ms-sdr-mkii\release\main-controller.obj
g:\ham radio\ominasdr\hardware\mscc-geminus-windows\servers\ms-sdr-mkii\release\last_used.obj
g:\ham radio\ominasdr\hardware\mscc-geminus-windows\servers\ms-sdr-mkii\release\iq.obj
g:\ham radio\ominasdr\hardware\mscc-geminus-windows\servers\ms-sdr-mkii\release\freq_queue.obj
g:\ham radio\ominasdr\hardware\mscc-geminus-windows\servers\ms-sdr-mkii\release\favorites.obj
g:\ham radio\ominasdr\hardware\mscc-geminus-windows\servers\ms-sdr-mkii\release\cw-snap.obj
g:\ham radio\ominasdr\hardware\mscc-geminus-windows\servers\ms-sdr-mkii\release\crc.obj
g:\ham radio\ominasdr\hardware\mscc-geminus-windows\servers\ms-sdr-mkii\release\comm-port.obj
g:\ham radio\ominasdr\hardware\mscc-geminus-windows\servers\ms-sdr-mkii\release\calibrate.obj
g:\ham radio\ominasdr\hardware\mscc-geminus-windows\servers\ms-sdr-mkii\release\amplifier.obj
g:\ham radio\ominasdr\hardware\mscc-geminus-windows\release\ms-sdr-mkii.exe
g:\ham radio\ominasdr\hardware\mscc-geminus-windows\servers\ms-sdr-mkii\release\ms-sdr-mkii.ipdb
g:\ham radio\ominasdr\hardware\mscc-geminus-windows\servers\ms-sdr-mkii\release\ms-sdr-mkii.iobj
g:\ham radio\ominasdr\hardware\mscc-geminus-windows\release\ms-sdr-mkii.pdb
g:\ham radio\ominasdr\hardware\mscc-geminus-windows\servers\ms-sdr-mkii\release\ms-sdr-geminus.tlog\cl.command.1.tlog
g:\ham radio\ominasdr\hardware\mscc-geminus-windows\servers\ms-sdr-mkii\release\ms-sdr-geminus.tlog\cl.read.1.tlog
g:\ham radio\ominasdr\hardware\mscc-geminus-windows\servers\ms-sdr-mkii\release\ms-sdr-geminus.tlog\cl.write.1.tlog
g:\ham radio\ominasdr\hardware\mscc-geminus-windows\servers\ms-sdr-mkii\release\ms-sdr-geminus.tlog\link.command.1.tlog
g:\ham radio\ominasdr\hardware\mscc-geminus-windows\servers\ms-sdr-mkii\release\ms-sdr-geminus.tlog\link.read.1.tlog
g:\ham radio\ominasdr\hardware\mscc-geminus-windows\servers\ms-sdr-mkii\release\ms-sdr-geminus.tlog\link.write.1.tlog
