g:\ham radio\ominasdr\hardware\mscc-mkii-windows\servers\sdrcore-recv\release\vc142.pdb
g:\ham radio\ominasdr\hardware\mscc-mkii-windows\servers\sdrcore-recv\release\wsfirgen.obj
g:\ham radio\ominasdr\hardware\mscc-mkii-windows\servers\sdrcore-recv\release\udp_thread.obj
g:\ham radio\ominasdr\hardware\mscc-mkii-windows\servers\sdrcore-recv\release\tonegen.obj
g:\ham radio\ominasdr\hardware\mscc-mkii-windows\servers\sdrcore-recv\release\sdrcore.obj
g:\ham radio\ominasdr\hardware\mscc-mkii-windows\servers\sdrcore-recv\release\print-utils.obj
g:\ham radio\ominasdr\hardware\mscc-mkii-windows\servers\sdrcore-recv\release\panadapter.obj
g:\ham radio\ominasdr\hardware\mscc-mkii-windows\servers\sdrcore-recv\release\output-devices.obj
g:\ham radio\ominasdr\hardware\mscc-mkii-windows\servers\sdrcore-recv\release\main.obj
g:\ham radio\ominasdr\hardware\mscc-mkii-windows\servers\sdrcore-recv\release\iq.obj
g:\ham radio\ominasdr\hardware\mscc-mkii-windows\servers\sdrcore-recv\release\flusher.obj
g:\ham radio\ominasdr\hardware\mscc-mkii-windows\servers\sdrcore-recv\release\filter.obj
g:\ham radio\ominasdr\hardware\mscc-mkii-windows\servers\sdrcore-recv\release\dsputils.obj
g:\ham radio\ominasdr\hardware\mscc-mkii-windows\servers\sdrcore-recv\release\blanker.obj
g:\ham radio\ominasdr\hardware\mscc-mkii-windows\release\mscc-recv.exe
g:\ham radio\ominasdr\hardware\mscc-mkii-windows\servers\sdrcore-recv\release\mscc-recv.ipdb
g:\ham radio\ominasdr\hardware\mscc-mkii-windows\servers\sdrcore-recv\release\mscc-recv.iobj
g:\ham radio\ominasdr\hardware\mscc-mkii-windows\release\mscc-recv.pdb
g:\ham radio\ominasdr\hardware\mscc-mkii-windows\servers\sdrcore-recv\release\sdrcore-recv.tlog\cl.command.1.tlog
g:\ham radio\ominasdr\hardware\mscc-mkii-windows\servers\sdrcore-recv\release\sdrcore-recv.tlog\cl.read.1.tlog
g:\ham radio\ominasdr\hardware\mscc-mkii-windows\servers\sdrcore-recv\release\sdrcore-recv.tlog\cl.write.1.tlog
g:\ham radio\ominasdr\hardware\mscc-mkii-windows\servers\sdrcore-recv\release\sdrcore-recv.tlog\link.command.1.tlog
g:\ham radio\ominasdr\hardware\mscc-mkii-windows\servers\sdrcore-recv\release\sdrcore-recv.tlog\link.read.1.tlog
g:\ham radio\ominasdr\hardware\mscc-mkii-windows\servers\sdrcore-recv\release\sdrcore-recv.tlog\link.write.1.tlog
